<?xml version="1.0" encoding="UTF-8"?>
<!-- Generated by org.testng.reporters.JUnitXMLReporter -->
<testsuite hostname="admin-PC" name="Test" tests="1" failures="0" timestamp="14 Jun 2016 04:44:32 GMT" time="3.673" errors="0">
  <testcase name="@BeforeMethod beforeMethod" time="0.0" classname="keyword.RunScripts">
    <failure type="java.lang.NullPointerException">
      <![CDATA[java.lang.NullPointerException
	at utils.Reporter.reportStep(Reporter.java:23)
	at wrapper.GenericWrappers.invokeApp(GenericWrappers.java:73)
	at wrapper.LinkedInWrappers.beforeMethod(LinkedInWrappers.java:34)
... Removed 26 stack frames]]>
    </failure>
  </testcase> <!-- @BeforeMethod beforeMethod -->
  <testcase name="@AfterMethod afterMethod" time="0.0" classname="keyword.RunScripts">
    <skipped/>
  </testcase> <!-- @AfterMethod afterMethod -->
  <testcase name="@AfterTest afterTest" time="0.0" classname="keyword.RunScripts">
    <skipped/>
  </testcase> <!-- @AfterTest afterTest -->
  <testcase name="runScripts" time="0.0" classname="keyword.RunScripts">
    <skipped/>
  </testcase> <!-- runScripts -->
</testsuite> <!-- Test -->
