<?xml version="1.0" encoding="UTF-8"?>
<testng-results skipped="1" failed="0" total="1" passed="0">
  <reporter-output>
  </reporter-output>
  <suite name="Suite" duration-ms="3673" started-at="2016-06-14T04:44:28Z" finished-at="2016-06-14T04:44:32Z">
    <groups>
    </groups>
    <test name="Test" duration-ms="3673" started-at="2016-06-14T04:44:28Z" finished-at="2016-06-14T04:44:32Z">
      <class name="keyword.RunScripts">
        <test-method status="PASS" signature="beforeSuite()[pri:0, instance:keyword.RunScripts@15d3402]" name="beforeSuite" is-config="true" duration-ms="1459" started-at="2016-06-14T10:14:27Z" finished-at="2016-06-14T10:14:28Z">
          <reporter-output>
          </reporter-output>
        </test-method> <!-- beforeSuite -->
        <test-method status="PASS" signature="beforeTest()[pri:0, instance:keyword.RunScripts@15d3402]" name="beforeTest" is-config="true" duration-ms="0" started-at="2016-06-14T10:14:28Z" finished-at="2016-06-14T10:14:28Z">
          <reporter-output>
          </reporter-output>
        </test-method> <!-- beforeTest -->
        <test-method status="PASS" signature="startTestCase()[pri:0, instance:keyword.RunScripts@15d3402]" name="startTestCase" is-config="true" duration-ms="0" started-at="2016-06-14T10:14:28Z" finished-at="2016-06-14T10:14:28Z">
          <reporter-output>
          </reporter-output>
        </test-method> <!-- startTestCase -->
        <test-method status="FAIL" signature="beforeMethod()[pri:0, instance:keyword.RunScripts@15d3402]" name="beforeMethod" is-config="true" duration-ms="0" started-at="2016-06-14T10:14:28Z" finished-at="2016-06-14T10:14:28Z">
          <exception class="java.lang.NullPointerException">
            <full-stacktrace>
              <![CDATA[java.lang.NullPointerException
	at utils.Reporter.reportStep(Reporter.java:23)
	at wrapper.GenericWrappers.invokeApp(GenericWrappers.java:73)
	at wrapper.LinkedInWrappers.beforeMethod(LinkedInWrappers.java:34)
	at sun.reflect.NativeMethodAccessorImpl.invoke0(Native Method)
	at sun.reflect.NativeMethodAccessorImpl.invoke(NativeMethodAccessorImpl.java:62)
	at sun.reflect.DelegatingMethodAccessorImpl.invoke(DelegatingMethodAccessorImpl.java:43)
	at java.lang.reflect.Method.invoke(Method.java:498)
	at org.testng.internal.MethodInvocationHelper.invokeMethod(MethodInvocationHelper.java:85)
	at org.testng.internal.Invoker.invokeConfigurationMethod(Invoker.java:510)
	at org.testng.internal.Invoker.invokeConfigurations(Invoker.java:211)
	at org.testng.internal.Invoker.invokeMethod(Invoker.java:585)
	at org.testng.internal.Invoker.invokeTestMethod(Invoker.java:821)
	at org.testng.internal.Invoker.invokeTestMethods(Invoker.java:1131)
	at org.testng.internal.TestMethodWorker.invokeTestMethods(TestMethodWorker.java:124)
	at org.testng.internal.TestMethodWorker.run(TestMethodWorker.java:108)
	at org.testng.TestRunner.privateRun(TestRunner.java:773)
	at org.testng.TestRunner.run(TestRunner.java:623)
	at org.testng.SuiteRunner.runTest(SuiteRunner.java:357)
	at org.testng.SuiteRunner.runSequentially(SuiteRunner.java:352)
	at org.testng.SuiteRunner.privateRun(SuiteRunner.java:310)
	at org.testng.SuiteRunner.run(SuiteRunner.java:259)
	at org.testng.SuiteRunnerWorker.runSuite(SuiteRunnerWorker.java:52)
	at org.testng.SuiteRunnerWorker.run(SuiteRunnerWorker.java:86)
	at org.testng.TestNG.runSuitesSequentially(TestNG.java:1185)
	at org.testng.TestNG.runSuitesLocally(TestNG.java:1110)
	at org.testng.TestNG.run(TestNG.java:1018)
	at org.testng.remote.AbstractRemoteTestNG.run(AbstractRemoteTestNG.java:126)
	at org.testng.remote.RemoteTestNG.initAndRun(RemoteTestNG.java:137)
	at org.testng.remote.RemoteTestNG.main(RemoteTestNG.java:58)
]]>
            </full-stacktrace>
          </exception> <!-- java.lang.NullPointerException -->
          <reporter-output>
          </reporter-output>
        </test-method> <!-- beforeMethod -->
        <test-method status="SKIP" signature="runScripts()[pri:0, instance:keyword.RunScripts@15d3402]" name="runScripts" duration-ms="0" started-at="2016-06-14T10:14:32Z" finished-at="2016-06-14T10:14:32Z">
          <reporter-output>
          </reporter-output>
        </test-method> <!-- runScripts -->
        <test-method status="SKIP" signature="afterMethod()[pri:0, instance:keyword.RunScripts@15d3402]" name="afterMethod" is-config="true" duration-ms="0" started-at="2016-06-14T10:14:32Z" finished-at="2016-06-14T10:14:32Z">
          <reporter-output>
          </reporter-output>
        </test-method> <!-- afterMethod -->
        <test-method status="SKIP" signature="afterTest()[pri:0, instance:keyword.RunScripts@15d3402]" name="afterTest" is-config="true" duration-ms="0" started-at="2016-06-14T10:14:32Z" finished-at="2016-06-14T10:14:32Z">
          <reporter-output>
          </reporter-output>
        </test-method> <!-- afterTest -->
        <test-method status="SKIP" signature="afterSuite()[pri:0, instance:keyword.RunScripts@15d3402]" name="afterSuite" is-config="true" duration-ms="0" started-at="2016-06-14T10:14:32Z" finished-at="2016-06-14T10:14:32Z">
          <reporter-output>
          </reporter-output>
        </test-method> <!-- afterSuite -->
      </class> <!-- keyword.RunScripts -->
    </test> <!-- Test -->
  </suite> <!-- Suite -->
</testng-results>
